ERROR - 2026-01-08 03:50:45 --> Error connecting to the database: mysqli_sql_exception: Access denied for user ''@'localhost' (using password: NO) in /home/sevi/Documents/github/learningsystem-backend/vendor/codeigniter4/framework/system/Database/MySQLi/Connection.php:201
Stack trace:
#0 /home/sevi/Documents/github/learningsystem-backend/vendor/codeigniter4/framework/system/Database/MySQLi/Connection.php(201): mysqli->real_connect()
#1 /home/sevi/Documents/github/learningsystem-backend/vendor/codeigniter4/framework/system/Database/BaseConnection.php(419): CodeIgniter\Database\MySQLi\Connection->connect()
#2 /home/sevi/Documents/github/learningsystem-backend/vendor/codeigniter4/framework/system/Database/BaseConnection.php(614): CodeIgniter\Database\BaseConnection->initialize()
#3 /home/sevi/Documents/github/learningsystem-backend/vendor/codeigniter4/framework/system/Database/BaseBuilder.php(1649): CodeIgniter\Database\BaseConnection->query()
#4 /home/sevi/Documents/github/learningsystem-backend/vendor/codeigniter4/framework/system/Model.php(286): CodeIgniter\Database\BaseBuilder->get()
#5 /home/sevi/Documents/github/learningsystem-backend/vendor/codeigniter4/framework/system/BaseModel.php(677): CodeIgniter\Model->doFindAll()
#6 /home/sevi/Documents/github/learningsystem-backend/app/Controllers/Api/Course.php(16): CodeIgniter\BaseModel->findAll()
#7 /home/sevi/Documents/github/learningsystem-backend/vendor/codeigniter4/framework/system/CodeIgniter.php(933): App\Controllers\Api\Course->index()
#8 /home/sevi/Documents/github/learningsystem-backend/vendor/codeigniter4/framework/system/CodeIgniter.php(507): CodeIgniter\CodeIgniter->runController()
#9 /home/sevi/Documents/github/learningsystem-backend/vendor/codeigniter4/framework/system/CodeIgniter.php(354): CodeIgniter\CodeIgniter->handleRequest()
#10 /home/sevi/Documents/github/learningsystem-backend/vendor/codeigniter4/framework/system/Boot.php(363): CodeIgniter\CodeIgniter->run()
#11 /home/sevi/Documents/github/learningsystem-backend/vendor/codeigniter4/framework/system/Boot.php(68): CodeIgniter\Boot::runCodeIgniter()
#12 /home/sevi/Documents/github/learningsystem-backend/public/index.php(59): CodeIgniter\Boot::bootWeb()
#13 /home/sevi/Documents/github/learningsystem-backend/vendor/codeigniter4/framework/system/rewrite.php(44): require_once('...')
#14 {main}

Next CodeIgniter\Database\Exceptions\DatabaseException: Access denied for user ''@'localhost' (using password: NO) in /home/sevi/Documents/github/learningsystem-backend/vendor/codeigniter4/framework/system/Database/MySQLi/Connection.php:246
Stack trace:
#0 /home/sevi/Documents/github/learningsystem-backend/vendor/codeigniter4/framework/system/Database/BaseConnection.php(419): CodeIgniter\Database\MySQLi\Connection->connect()
#1 /home/sevi/Documents/github/learningsystem-backend/vendor/codeigniter4/framework/system/Database/BaseConnection.php(614): CodeIgniter\Database\BaseConnection->initialize()
#2 /home/sevi/Documents/github/learningsystem-backend/vendor/codeigniter4/framework/system/Database/BaseBuilder.php(1649): CodeIgniter\Database\BaseConnection->query()
#3 /home/sevi/Documents/github/learningsystem-backend/vendor/codeigniter4/framework/system/Model.php(286): CodeIgniter\Database\BaseBuilder->get()
#4 /home/sevi/Documents/github/learningsystem-backend/vendor/codeigniter4/framework/system/BaseModel.php(677): CodeIgniter\Model->doFindAll()
#5 /home/sevi/Documents/github/learningsystem-backend/app/Controllers/Api/Course.php(16): CodeIgniter\BaseModel->findAll()
#6 /home/sevi/Documents/github/learningsystem-backend/vendor/codeigniter4/framework/system/CodeIgniter.php(933): App\Controllers\Api\Course->index()
#7 /home/sevi/Documents/github/learningsystem-backend/vendor/codeigniter4/framework/system/CodeIgniter.php(507): CodeIgniter\CodeIgniter->runController()
#8 /home/sevi/Documents/github/learningsystem-backend/vendor/codeigniter4/framework/system/CodeIgniter.php(354): CodeIgniter\CodeIgniter->handleRequest()
#9 /home/sevi/Documents/github/learningsystem-backend/vendor/codeigniter4/framework/system/Boot.php(363): CodeIgniter\CodeIgniter->run()
#10 /home/sevi/Documents/github/learningsystem-backend/vendor/codeigniter4/framework/system/Boot.php(68): CodeIgniter\Boot::runCodeIgniter()
#11 /home/sevi/Documents/github/learningsystem-backend/public/index.php(59): CodeIgniter\Boot::bootWeb()
#12 /home/sevi/Documents/github/learningsystem-backend/vendor/codeigniter4/framework/system/rewrite.php(44): require_once('...')
#13 {main}
CRITICAL - 2026-01-08 03:50:45 --> CodeIgniter\Database\Exceptions\DatabaseException: Unable to connect to the database.
Main connection [MySQLi]: Access denied for user ''@'localhost' (using password: NO)
[Method: GET, Route: api/courses]
in SYSTEMPATH/Database/BaseConnection.php on line 465.
 1 SYSTEMPATH/Database/BaseConnection.php(614): CodeIgniter\Database\BaseConnection->initialize()
 2 SYSTEMPATH/Database/BaseBuilder.php(1649): CodeIgniter\Database\BaseConnection->query()
 3 SYSTEMPATH/Model.php(286): CodeIgniter\Database\BaseBuilder->get()
 4 SYSTEMPATH/BaseModel.php(677): CodeIgniter\Model->doFindAll()
 5 APPPATH/Controllers/Api/Course.php(16): CodeIgniter\BaseModel->findAll()
 6 SYSTEMPATH/CodeIgniter.php(933): App\Controllers\Api\Course->index()
 7 SYSTEMPATH/CodeIgniter.php(507): CodeIgniter\CodeIgniter->runController()
 8 SYSTEMPATH/CodeIgniter.php(354): CodeIgniter\CodeIgniter->handleRequest()
 9 SYSTEMPATH/Boot.php(363): CodeIgniter\CodeIgniter->run()
10 SYSTEMPATH/Boot.php(68): CodeIgniter\Boot::runCodeIgniter()
11 FCPATH/index.php(59): CodeIgniter\Boot::bootWeb()
12 SYSTEMPATH/rewrite.php(44): require_once('/home/sevi/Documents/github/learningsystem-backend/public/index.php')
ERROR - 2026-01-08 03:50:54 --> Error connecting to the database: mysqli_sql_exception: Access denied for user ''@'localhost' (using password: NO) in /home/sevi/Documents/github/learningsystem-backend/vendor/codeigniter4/framework/system/Database/MySQLi/Connection.php:201
Stack trace:
#0 /home/sevi/Documents/github/learningsystem-backend/vendor/codeigniter4/framework/system/Database/MySQLi/Connection.php(201): mysqli->real_connect()
#1 /home/sevi/Documents/github/learningsystem-backend/vendor/codeigniter4/framework/system/Database/BaseConnection.php(419): CodeIgniter\Database\MySQLi\Connection->connect()
#2 /home/sevi/Documents/github/learningsystem-backend/vendor/codeigniter4/framework/system/Database/BaseConnection.php(614): CodeIgniter\Database\BaseConnection->initialize()
#3 /home/sevi/Documents/github/learningsystem-backend/vendor/codeigniter4/framework/system/Database/BaseBuilder.php(1649): CodeIgniter\Database\BaseConnection->query()
#4 /home/sevi/Documents/github/learningsystem-backend/vendor/codeigniter4/framework/system/Model.php(286): CodeIgniter\Database\BaseBuilder->get()
#5 /home/sevi/Documents/github/learningsystem-backend/vendor/codeigniter4/framework/system/BaseModel.php(677): CodeIgniter\Model->doFindAll()
#6 /home/sevi/Documents/github/learningsystem-backend/app/Controllers/Api/Course.php(16): CodeIgniter\BaseModel->findAll()
#7 /home/sevi/Documents/github/learningsystem-backend/vendor/codeigniter4/framework/system/CodeIgniter.php(933): App\Controllers\Api\Course->index()
#8 /home/sevi/Documents/github/learningsystem-backend/vendor/codeigniter4/framework/system/CodeIgniter.php(507): CodeIgniter\CodeIgniter->runController()
#9 /home/sevi/Documents/github/learningsystem-backend/vendor/codeigniter4/framework/system/CodeIgniter.php(354): CodeIgniter\CodeIgniter->handleRequest()
#10 /home/sevi/Documents/github/learningsystem-backend/vendor/codeigniter4/framework/system/Boot.php(363): CodeIgniter\CodeIgniter->run()
#11 /home/sevi/Documents/github/learningsystem-backend/vendor/codeigniter4/framework/system/Boot.php(68): CodeIgniter\Boot::runCodeIgniter()
#12 /home/sevi/Documents/github/learningsystem-backend/public/index.php(59): CodeIgniter\Boot::bootWeb()
#13 /home/sevi/Documents/github/learningsystem-backend/vendor/codeigniter4/framework/system/rewrite.php(44): require_once('...')
#14 {main}

Next CodeIgniter\Database\Exceptions\DatabaseException: Access denied for user ''@'localhost' (using password: NO) in /home/sevi/Documents/github/learningsystem-backend/vendor/codeigniter4/framework/system/Database/MySQLi/Connection.php:246
Stack trace:
#0 /home/sevi/Documents/github/learningsystem-backend/vendor/codeigniter4/framework/system/Database/BaseConnection.php(419): CodeIgniter\Database\MySQLi\Connection->connect()
#1 /home/sevi/Documents/github/learningsystem-backend/vendor/codeigniter4/framework/system/Database/BaseConnection.php(614): CodeIgniter\Database\BaseConnection->initialize()
#2 /home/sevi/Documents/github/learningsystem-backend/vendor/codeigniter4/framework/system/Database/BaseBuilder.php(1649): CodeIgniter\Database\BaseConnection->query()
#3 /home/sevi/Documents/github/learningsystem-backend/vendor/codeigniter4/framework/system/Model.php(286): CodeIgniter\Database\BaseBuilder->get()
#4 /home/sevi/Documents/github/learningsystem-backend/vendor/codeigniter4/framework/system/BaseModel.php(677): CodeIgniter\Model->doFindAll()
#5 /home/sevi/Documents/github/learningsystem-backend/app/Controllers/Api/Course.php(16): CodeIgniter\BaseModel->findAll()
#6 /home/sevi/Documents/github/learningsystem-backend/vendor/codeigniter4/framework/system/CodeIgniter.php(933): App\Controllers\Api\Course->index()
#7 /home/sevi/Documents/github/learningsystem-backend/vendor/codeigniter4/framework/system/CodeIgniter.php(507): CodeIgniter\CodeIgniter->runController()
#8 /home/sevi/Documents/github/learningsystem-backend/vendor/codeigniter4/framework/system/CodeIgniter.php(354): CodeIgniter\CodeIgniter->handleRequest()
#9 /home/sevi/Documents/github/learningsystem-backend/vendor/codeigniter4/framework/system/Boot.php(363): CodeIgniter\CodeIgniter->run()
#10 /home/sevi/Documents/github/learningsystem-backend/vendor/codeigniter4/framework/system/Boot.php(68): CodeIgniter\Boot::runCodeIgniter()
#11 /home/sevi/Documents/github/learningsystem-backend/public/index.php(59): CodeIgniter\Boot::bootWeb()
#12 /home/sevi/Documents/github/learningsystem-backend/vendor/codeigniter4/framework/system/rewrite.php(44): require_once('...')
#13 {main}
CRITICAL - 2026-01-08 03:50:54 --> CodeIgniter\Database\Exceptions\DatabaseException: Unable to connect to the database.
Main connection [MySQLi]: Access denied for user ''@'localhost' (using password: NO)
[Method: GET, Route: api/courses]
in SYSTEMPATH/Database/BaseConnection.php on line 465.
 1 SYSTEMPATH/Database/BaseConnection.php(614): CodeIgniter\Database\BaseConnection->initialize()
 2 SYSTEMPATH/Database/BaseBuilder.php(1649): CodeIgniter\Database\BaseConnection->query()
 3 SYSTEMPATH/Model.php(286): CodeIgniter\Database\BaseBuilder->get()
 4 SYSTEMPATH/BaseModel.php(677): CodeIgniter\Model->doFindAll()
 5 APPPATH/Controllers/Api/Course.php(16): CodeIgniter\BaseModel->findAll()
 6 SYSTEMPATH/CodeIgniter.php(933): App\Controllers\Api\Course->index()
 7 SYSTEMPATH/CodeIgniter.php(507): CodeIgniter\CodeIgniter->runController()
 8 SYSTEMPATH/CodeIgniter.php(354): CodeIgniter\CodeIgniter->handleRequest()
 9 SYSTEMPATH/Boot.php(363): CodeIgniter\CodeIgniter->run()
10 SYSTEMPATH/Boot.php(68): CodeIgniter\Boot::runCodeIgniter()
11 FCPATH/index.php(59): CodeIgniter\Boot::bootWeb()
12 SYSTEMPATH/rewrite.php(44): require_once('/home/sevi/Documents/github/learningsystem-backend/public/index.php')
ERROR - 2026-01-08 03:51:18 --> Error connecting to the database: mysqli_sql_exception: Access denied for user ''@'localhost' (using password: NO) in /home/sevi/Documents/github/learningsystem-backend/vendor/codeigniter4/framework/system/Database/MySQLi/Connection.php:201
Stack trace:
#0 /home/sevi/Documents/github/learningsystem-backend/vendor/codeigniter4/framework/system/Database/MySQLi/Connection.php(201): mysqli->real_connect()
#1 /home/sevi/Documents/github/learningsystem-backend/vendor/codeigniter4/framework/system/Database/BaseConnection.php(419): CodeIgniter\Database\MySQLi\Connection->connect()
#2 /home/sevi/Documents/github/learningsystem-backend/vendor/codeigniter4/framework/system/Database/BaseConnection.php(614): CodeIgniter\Database\BaseConnection->initialize()
#3 /home/sevi/Documents/github/learningsystem-backend/vendor/codeigniter4/framework/system/Database/BaseBuilder.php(1649): CodeIgniter\Database\BaseConnection->query()
#4 /home/sevi/Documents/github/learningsystem-backend/vendor/codeigniter4/framework/system/Model.php(286): CodeIgniter\Database\BaseBuilder->get()
#5 /home/sevi/Documents/github/learningsystem-backend/vendor/codeigniter4/framework/system/BaseModel.php(677): CodeIgniter\Model->doFindAll()
#6 /home/sevi/Documents/github/learningsystem-backend/app/Controllers/Api/Course.php(16): CodeIgniter\BaseModel->findAll()
#7 /home/sevi/Documents/github/learningsystem-backend/vendor/codeigniter4/framework/system/CodeIgniter.php(933): App\Controllers\Api\Course->index()
#8 /home/sevi/Documents/github/learningsystem-backend/vendor/codeigniter4/framework/system/CodeIgniter.php(507): CodeIgniter\CodeIgniter->runController()
#9 /home/sevi/Documents/github/learningsystem-backend/vendor/codeigniter4/framework/system/CodeIgniter.php(354): CodeIgniter\CodeIgniter->handleRequest()
#10 /home/sevi/Documents/github/learningsystem-backend/vendor/codeigniter4/framework/system/Boot.php(363): CodeIgniter\CodeIgniter->run()
#11 /home/sevi/Documents/github/learningsystem-backend/vendor/codeigniter4/framework/system/Boot.php(68): CodeIgniter\Boot::runCodeIgniter()
#12 /home/sevi/Documents/github/learningsystem-backend/public/index.php(59): CodeIgniter\Boot::bootWeb()
#13 /home/sevi/Documents/github/learningsystem-backend/vendor/codeigniter4/framework/system/rewrite.php(44): require_once('...')
#14 {main}

Next CodeIgniter\Database\Exceptions\DatabaseException: Access denied for user ''@'localhost' (using password: NO) in /home/sevi/Documents/github/learningsystem-backend/vendor/codeigniter4/framework/system/Database/MySQLi/Connection.php:246
Stack trace:
#0 /home/sevi/Documents/github/learningsystem-backend/vendor/codeigniter4/framework/system/Database/BaseConnection.php(419): CodeIgniter\Database\MySQLi\Connection->connect()
#1 /home/sevi/Documents/github/learningsystem-backend/vendor/codeigniter4/framework/system/Database/BaseConnection.php(614): CodeIgniter\Database\BaseConnection->initialize()
#2 /home/sevi/Documents/github/learningsystem-backend/vendor/codeigniter4/framework/system/Database/BaseBuilder.php(1649): CodeIgniter\Database\BaseConnection->query()
#3 /home/sevi/Documents/github/learningsystem-backend/vendor/codeigniter4/framework/system/Model.php(286): CodeIgniter\Database\BaseBuilder->get()
#4 /home/sevi/Documents/github/learningsystem-backend/vendor/codeigniter4/framework/system/BaseModel.php(677): CodeIgniter\Model->doFindAll()
#5 /home/sevi/Documents/github/learningsystem-backend/app/Controllers/Api/Course.php(16): CodeIgniter\BaseModel->findAll()
#6 /home/sevi/Documents/github/learningsystem-backend/vendor/codeigniter4/framework/system/CodeIgniter.php(933): App\Controllers\Api\Course->index()
#7 /home/sevi/Documents/github/learningsystem-backend/vendor/codeigniter4/framework/system/CodeIgniter.php(507): CodeIgniter\CodeIgniter->runController()
#8 /home/sevi/Documents/github/learningsystem-backend/vendor/codeigniter4/framework/system/CodeIgniter.php(354): CodeIgniter\CodeIgniter->handleRequest()
#9 /home/sevi/Documents/github/learningsystem-backend/vendor/codeigniter4/framework/system/Boot.php(363): CodeIgniter\CodeIgniter->run()
#10 /home/sevi/Documents/github/learningsystem-backend/vendor/codeigniter4/framework/system/Boot.php(68): CodeIgniter\Boot::runCodeIgniter()
#11 /home/sevi/Documents/github/learningsystem-backend/public/index.php(59): CodeIgniter\Boot::bootWeb()
#12 /home/sevi/Documents/github/learningsystem-backend/vendor/codeigniter4/framework/system/rewrite.php(44): require_once('...')
#13 {main}
CRITICAL - 2026-01-08 03:51:18 --> CodeIgniter\Database\Exceptions\DatabaseException: Unable to connect to the database.
Main connection [MySQLi]: Access denied for user ''@'localhost' (using password: NO)
[Method: GET, Route: api/courses]
in SYSTEMPATH/Database/BaseConnection.php on line 465.
 1 SYSTEMPATH/Database/BaseConnection.php(614): CodeIgniter\Database\BaseConnection->initialize()
 2 SYSTEMPATH/Database/BaseBuilder.php(1649): CodeIgniter\Database\BaseConnection->query()
 3 SYSTEMPATH/Model.php(286): CodeIgniter\Database\BaseBuilder->get()
 4 SYSTEMPATH/BaseModel.php(677): CodeIgniter\Model->doFindAll()
 5 APPPATH/Controllers/Api/Course.php(16): CodeIgniter\BaseModel->findAll()
 6 SYSTEMPATH/CodeIgniter.php(933): App\Controllers\Api\Course->index()
 7 SYSTEMPATH/CodeIgniter.php(507): CodeIgniter\CodeIgniter->runController()
 8 SYSTEMPATH/CodeIgniter.php(354): CodeIgniter\CodeIgniter->handleRequest()
 9 SYSTEMPATH/Boot.php(363): CodeIgniter\CodeIgniter->run()
10 SYSTEMPATH/Boot.php(68): CodeIgniter\Boot::runCodeIgniter()
11 FCPATH/index.php(59): CodeIgniter\Boot::bootWeb()
12 SYSTEMPATH/rewrite.php(44): require_once('/home/sevi/Documents/github/learningsystem-backend/public/index.php')
ERROR - 2026-01-08 03:53:01 --> Error connecting to the database: mysqli_sql_exception: Access denied for user ''@'localhost' (using password: NO) in /home/sevi/Documents/github/learningsystem-backend/vendor/codeigniter4/framework/system/Database/MySQLi/Connection.php:201
Stack trace:
#0 /home/sevi/Documents/github/learningsystem-backend/vendor/codeigniter4/framework/system/Database/MySQLi/Connection.php(201): mysqli->real_connect()
#1 /home/sevi/Documents/github/learningsystem-backend/vendor/codeigniter4/framework/system/Database/BaseConnection.php(419): CodeIgniter\Database\MySQLi\Connection->connect()
#2 /home/sevi/Documents/github/learningsystem-backend/vendor/codeigniter4/framework/system/Database/BaseConnection.php(614): CodeIgniter\Database\BaseConnection->initialize()
#3 /home/sevi/Documents/github/learningsystem-backend/vendor/codeigniter4/framework/system/Database/BaseBuilder.php(1649): CodeIgniter\Database\BaseConnection->query()
#4 /home/sevi/Documents/github/learningsystem-backend/vendor/codeigniter4/framework/system/Model.php(286): CodeIgniter\Database\BaseBuilder->get()
#5 /home/sevi/Documents/github/learningsystem-backend/vendor/codeigniter4/framework/system/BaseModel.php(677): CodeIgniter\Model->doFindAll()
#6 /home/sevi/Documents/github/learningsystem-backend/app/Controllers/Api/Course.php(16): CodeIgniter\BaseModel->findAll()
#7 /home/sevi/Documents/github/learningsystem-backend/vendor/codeigniter4/framework/system/CodeIgniter.php(933): App\Controllers\Api\Course->index()
#8 /home/sevi/Documents/github/learningsystem-backend/vendor/codeigniter4/framework/system/CodeIgniter.php(507): CodeIgniter\CodeIgniter->runController()
#9 /home/sevi/Documents/github/learningsystem-backend/vendor/codeigniter4/framework/system/CodeIgniter.php(354): CodeIgniter\CodeIgniter->handleRequest()
#10 /home/sevi/Documents/github/learningsystem-backend/vendor/codeigniter4/framework/system/Boot.php(363): CodeIgniter\CodeIgniter->run()
#11 /home/sevi/Documents/github/learningsystem-backend/vendor/codeigniter4/framework/system/Boot.php(68): CodeIgniter\Boot::runCodeIgniter()
#12 /home/sevi/Documents/github/learningsystem-backend/public/index.php(59): CodeIgniter\Boot::bootWeb()
#13 /home/sevi/Documents/github/learningsystem-backend/vendor/codeigniter4/framework/system/rewrite.php(44): require_once('...')
#14 {main}

Next CodeIgniter\Database\Exceptions\DatabaseException: Access denied for user ''@'localhost' (using password: NO) in /home/sevi/Documents/github/learningsystem-backend/vendor/codeigniter4/framework/system/Database/MySQLi/Connection.php:246
Stack trace:
#0 /home/sevi/Documents/github/learningsystem-backend/vendor/codeigniter4/framework/system/Database/BaseConnection.php(419): CodeIgniter\Database\MySQLi\Connection->connect()
#1 /home/sevi/Documents/github/learningsystem-backend/vendor/codeigniter4/framework/system/Database/BaseConnection.php(614): CodeIgniter\Database\BaseConnection->initialize()
#2 /home/sevi/Documents/github/learningsystem-backend/vendor/codeigniter4/framework/system/Database/BaseBuilder.php(1649): CodeIgniter\Database\BaseConnection->query()
#3 /home/sevi/Documents/github/learningsystem-backend/vendor/codeigniter4/framework/system/Model.php(286): CodeIgniter\Database\BaseBuilder->get()
#4 /home/sevi/Documents/github/learningsystem-backend/vendor/codeigniter4/framework/system/BaseModel.php(677): CodeIgniter\Model->doFindAll()
#5 /home/sevi/Documents/github/learningsystem-backend/app/Controllers/Api/Course.php(16): CodeIgniter\BaseModel->findAll()
#6 /home/sevi/Documents/github/learningsystem-backend/vendor/codeigniter4/framework/system/CodeIgniter.php(933): App\Controllers\Api\Course->index()
#7 /home/sevi/Documents/github/learningsystem-backend/vendor/codeigniter4/framework/system/CodeIgniter.php(507): CodeIgniter\CodeIgniter->runController()
#8 /home/sevi/Documents/github/learningsystem-backend/vendor/codeigniter4/framework/system/CodeIgniter.php(354): CodeIgniter\CodeIgniter->handleRequest()
#9 /home/sevi/Documents/github/learningsystem-backend/vendor/codeigniter4/framework/system/Boot.php(363): CodeIgniter\CodeIgniter->run()
#10 /home/sevi/Documents/github/learningsystem-backend/vendor/codeigniter4/framework/system/Boot.php(68): CodeIgniter\Boot::runCodeIgniter()
#11 /home/sevi/Documents/github/learningsystem-backend/public/index.php(59): CodeIgniter\Boot::bootWeb()
#12 /home/sevi/Documents/github/learningsystem-backend/vendor/codeigniter4/framework/system/rewrite.php(44): require_once('...')
#13 {main}
CRITICAL - 2026-01-08 03:53:01 --> CodeIgniter\Database\Exceptions\DatabaseException: Unable to connect to the database.
Main connection [MySQLi]: Access denied for user ''@'localhost' (using password: NO)
[Method: GET, Route: api/courses]
in SYSTEMPATH/Database/BaseConnection.php on line 465.
 1 SYSTEMPATH/Database/BaseConnection.php(614): CodeIgniter\Database\BaseConnection->initialize()
 2 SYSTEMPATH/Database/BaseBuilder.php(1649): CodeIgniter\Database\BaseConnection->query()
 3 SYSTEMPATH/Model.php(286): CodeIgniter\Database\BaseBuilder->get()
 4 SYSTEMPATH/BaseModel.php(677): CodeIgniter\Model->doFindAll()
 5 APPPATH/Controllers/Api/Course.php(16): CodeIgniter\BaseModel->findAll()
 6 SYSTEMPATH/CodeIgniter.php(933): App\Controllers\Api\Course->index()
 7 SYSTEMPATH/CodeIgniter.php(507): CodeIgniter\CodeIgniter->runController()
 8 SYSTEMPATH/CodeIgniter.php(354): CodeIgniter\CodeIgniter->handleRequest()
 9 SYSTEMPATH/Boot.php(363): CodeIgniter\CodeIgniter->run()
10 SYSTEMPATH/Boot.php(68): CodeIgniter\Boot::runCodeIgniter()
11 FCPATH/index.php(59): CodeIgniter\Boot::bootWeb()
12 SYSTEMPATH/rewrite.php(44): require_once('/home/sevi/Documents/github/learningsystem-backend/public/index.php')
ERROR - 2026-01-08 04:11:28 --> mysqli_sql_exception: Unknown column 'is_published' in 'where clause' in /home/sevi/Documents/github/learningsystem-backend/vendor/codeigniter4/framework/system/Database/MySQLi/Connection.php:327
Stack trace:
#0 /home/sevi/Documents/github/learningsystem-backend/vendor/codeigniter4/framework/system/Database/MySQLi/Connection.php(327): mysqli->query()
#1 /home/sevi/Documents/github/learningsystem-backend/vendor/codeigniter4/framework/system/Database/BaseConnection.php(729): CodeIgniter\Database\MySQLi\Connection->execute()
#2 /home/sevi/Documents/github/learningsystem-backend/vendor/codeigniter4/framework/system/Database/BaseConnection.php(646): CodeIgniter\Database\BaseConnection->simpleQuery()
#3 /home/sevi/Documents/github/learningsystem-backend/vendor/codeigniter4/framework/system/Database/BaseBuilder.php(1649): CodeIgniter\Database\BaseConnection->query()
#4 /home/sevi/Documents/github/learningsystem-backend/vendor/codeigniter4/framework/system/Model.php(286): CodeIgniter\Database\BaseBuilder->get()
#5 /home/sevi/Documents/github/learningsystem-backend/vendor/codeigniter4/framework/system/BaseModel.php(677): CodeIgniter\Model->doFindAll()
#6 /home/sevi/Documents/github/learningsystem-backend/app/Controllers/Api/Course.php(16): CodeIgniter\BaseModel->findAll()
#7 /home/sevi/Documents/github/learningsystem-backend/vendor/codeigniter4/framework/system/CodeIgniter.php(933): App\Controllers\Api\Course->index()
#8 /home/sevi/Documents/github/learningsystem-backend/vendor/codeigniter4/framework/system/CodeIgniter.php(507): CodeIgniter\CodeIgniter->runController()
#9 /home/sevi/Documents/github/learningsystem-backend/vendor/codeigniter4/framework/system/CodeIgniter.php(354): CodeIgniter\CodeIgniter->handleRequest()
#10 /home/sevi/Documents/github/learningsystem-backend/vendor/codeigniter4/framework/system/Boot.php(363): CodeIgniter\CodeIgniter->run()
#11 /home/sevi/Documents/github/learningsystem-backend/vendor/codeigniter4/framework/system/Boot.php(68): CodeIgniter\Boot::runCodeIgniter()
#12 /home/sevi/Documents/github/learningsystem-backend/public/index.php(59): CodeIgniter\Boot::bootWeb()
#13 /home/sevi/Documents/github/learningsystem-backend/vendor/codeigniter4/framework/system/rewrite.php(44): require_once('...')
#14 {main}
CRITICAL - 2026-01-08 04:11:28 --> CodeIgniter\Database\Exceptions\DatabaseException: Unknown column 'is_published' in 'where clause'
[Method: GET, Route: api/courses]
in SYSTEMPATH/Database/BaseConnection.php on line 684.
 1 SYSTEMPATH/Database/BaseBuilder.php(1649): CodeIgniter\Database\BaseConnection->query()
 2 SYSTEMPATH/Model.php(286): CodeIgniter\Database\BaseBuilder->get()
 3 SYSTEMPATH/BaseModel.php(677): CodeIgniter\Model->doFindAll()
 4 APPPATH/Controllers/Api/Course.php(16): CodeIgniter\BaseModel->findAll()
 5 SYSTEMPATH/CodeIgniter.php(933): App\Controllers\Api\Course->index()
 6 SYSTEMPATH/CodeIgniter.php(507): CodeIgniter\CodeIgniter->runController()
 7 SYSTEMPATH/CodeIgniter.php(354): CodeIgniter\CodeIgniter->handleRequest()
 8 SYSTEMPATH/Boot.php(363): CodeIgniter\CodeIgniter->run()
 9 SYSTEMPATH/Boot.php(68): CodeIgniter\Boot::runCodeIgniter()
10 FCPATH/index.php(59): CodeIgniter\Boot::bootWeb()
11 SYSTEMPATH/rewrite.php(44): require_once('/home/sevi/Documents/github/learningsystem-backend/public/index.php')
CRITICAL - 2026-01-08 04:11:28 --> [Caused by] CodeIgniter\Database\Exceptions\DatabaseException: Unknown column 'is_published' in 'where clause'
in SYSTEMPATH/Database/MySQLi/Connection.php on line 332.
 1 SYSTEMPATH/Database/BaseConnection.php(729): CodeIgniter\Database\MySQLi\Connection->execute()
 2 SYSTEMPATH/Database/BaseConnection.php(646): CodeIgniter\Database\BaseConnection->simpleQuery()
 3 SYSTEMPATH/Database/BaseBuilder.php(1649): CodeIgniter\Database\BaseConnection->query()
 4 SYSTEMPATH/Model.php(286): CodeIgniter\Database\BaseBuilder->get()
 5 SYSTEMPATH/BaseModel.php(677): CodeIgniter\Model->doFindAll()
 6 APPPATH/Controllers/Api/Course.php(16): CodeIgniter\BaseModel->findAll()
 7 SYSTEMPATH/CodeIgniter.php(933): App\Controllers\Api\Course->index()
 8 SYSTEMPATH/CodeIgniter.php(507): CodeIgniter\CodeIgniter->runController()
 9 SYSTEMPATH/CodeIgniter.php(354): CodeIgniter\CodeIgniter->handleRequest()
10 SYSTEMPATH/Boot.php(363): CodeIgniter\CodeIgniter->run()
11 SYSTEMPATH/Boot.php(68): CodeIgniter\Boot::runCodeIgniter()
12 FCPATH/index.php(59): CodeIgniter\Boot::bootWeb()
13 SYSTEMPATH/rewrite.php(44): require_once('/home/sevi/Documents/github/learningsystem-backend/public/index.php')
CRITICAL - 2026-01-08 04:11:28 --> [Caused by] mysqli_sql_exception: Unknown column 'is_published' in 'where clause'
in SYSTEMPATH/Database/MySQLi/Connection.php on line 327.
 1 SYSTEMPATH/Database/MySQLi/Connection.php(327): mysqli->query()
 2 SYSTEMPATH/Database/BaseConnection.php(729): CodeIgniter\Database\MySQLi\Connection->execute()
 3 SYSTEMPATH/Database/BaseConnection.php(646): CodeIgniter\Database\BaseConnection->simpleQuery()
 4 SYSTEMPATH/Database/BaseBuilder.php(1649): CodeIgniter\Database\BaseConnection->query()
 5 SYSTEMPATH/Model.php(286): CodeIgniter\Database\BaseBuilder->get()
 6 SYSTEMPATH/BaseModel.php(677): CodeIgniter\Model->doFindAll()
 7 APPPATH/Controllers/Api/Course.php(16): CodeIgniter\BaseModel->findAll()
 8 SYSTEMPATH/CodeIgniter.php(933): App\Controllers\Api\Course->index()
 9 SYSTEMPATH/CodeIgniter.php(507): CodeIgniter\CodeIgniter->runController()
10 SYSTEMPATH/CodeIgniter.php(354): CodeIgniter\CodeIgniter->handleRequest()
11 SYSTEMPATH/Boot.php(363): CodeIgniter\CodeIgniter->run()
12 SYSTEMPATH/Boot.php(68): CodeIgniter\Boot::runCodeIgniter()
13 FCPATH/index.php(59): CodeIgniter\Boot::bootWeb()
14 SYSTEMPATH/rewrite.php(44): require_once('/home/sevi/Documents/github/learningsystem-backend/public/index.php')
